PCAD Importer Log
Project : SMDcapacitor_0805_.LibPkg

Section : C:\Users\Alexandre Francisco\Dropbox\ECUVEH\02_DEVELOPMENT\myECU\Componentes e Circuitos Eletricos\Bibliotecas Altium\SMDcapacitor_0805_.lia
    Section : PCB Library - SMDcapacitor_0805_.PcbLib
        Section : Load Messages
            Warning - 1 : Skipping Token C2012X5R1H224K125AA On Line 116
            Warning - 1 : Skipping Token attachedSymbol On Line 171
        EndSection

        Section : Import Messages
        EndSection
    EndSection

    Section : SCH Library - SMDcapacitor_0805_.SchLib
        Section : Parsing Messages
            Warning - 1 : Skipping Token padStyleDef On Line 9
            Warning - 1 : Skipping Token multiLayer On Line 84
            Warning - 1 : Skipping Token layerContents On Line 88
            Warning - 1 : Skipping Token layerContents On Line 96
            Warning - 1 : Skipping Token layerContents On Line 104
            Warning - 1 : Skipping Token layerContents On Line 108
        EndSection

        Section : Generating SCH Library - SMDcapacitor_0805_.SchLib
        EndSection
    EndSection
EndSection
